<?xml version="1.0" encoding="UTF-8"?>
<!-- Generated by org.testng.reporters.JUnitReportReporter -->
<testsuite hostname="DESKTOP-58ASB03" failures="0" tests="1" name="com.internetBanking.testCases.TC_LoginTest_001" time="3.293" errors="0" timestamp="2022-12-15T12:02:01 GMT" skipped="0">
  <testcase classname="com.internetBanking.testCases.TC_LoginTest_001" name="loginTest" time="3.293"/>
  <system-out/>
</testsuite> <!-- com.internetBanking.testCases.TC_LoginTest_001 -->
