<?xml version="1.0" encoding="UTF-8"?>
<!-- Generated by org.testng.reporters.JUnitReportReporter -->
<testsuite hostname="DESKTOP-58ASB03" failures="0" tests="1" name="com.internetBanking.testCases.TC_AddCustomerTest_003" time="24.001" errors="0" timestamp="2022-12-30T16:53:23 GMT" skipped="0">
  <testcase classname="com.internetBanking.testCases.TC_AddCustomerTest_003" name="addNewCustomer" time="24.001"/>
  <system-out/>
</testsuite> <!-- com.internetBanking.testCases.TC_AddCustomerTest_003 -->
